#
# A fatal error has been detected by the Java Runtime Environment:
#
#  EXCEPTION_ACCESS_VIOLATION (0xc0000005) at pc=0x000000006c21492d, pid=3560, tid=0x00000000000012a4
#
# JRE version: OpenJDK Runtime Environment (8.0_242-b01) (build 1.8.0_242-release-1644-b01)
# Java VM: OpenJDK 64-Bit Server VM (25.242-b01 mixed mode windows-amd64 compressed oops)
# Problematic frame:
# V  [jvm.dll+0x7492d]
#
# Failed to write core dump. Minidumps are not enabled by default on client versions of Windows
#
# If you would like to submit a bug report, please visit:
#   
#

---------------  T H R E A D  ---------------

Current thread (0x0000000017c76000):  VMThread [stack: 0x0000000018d10000,0x0000000018e10000] [id=4772]

siginfo: ExceptionCode=0xc0000005, reading address 0x00000030bd6548ba

Registers:
RAX=0x00000030bd6548ba, RBX=0x00000030bd6548ba, RCX=0x0000000000000000, RDX=0x000000000302f4a0
RSP=0x0000000018e0f180, RBP=0x000000006c9316c0, RSI=0x000000001fe218f0, RDI=0x0000000000000000
R8 =0x0000000003090000, R9 =0x0000000000000006, R10=0x0000000005106070, R11=0x0000000005106de0
R12=0x000000006c9316c0, R13=0x000000000000f000, R14=0x000000006c74fe28, R15=0x0000000000000000
RIP=0x000000006c21492d, EFLAGS=0x0000000000010246

Top of Stack: (sp=0x0000000018e0f180)
0x0000000018e0f180:   000000001fe218f0 00000000050f5050
0x0000000018e0f190:   000000006c74fe28 000000000000f000
0x0000000018e0f1a0:   0000000005106de0 000000006c215ee3
0x0000000018e0f1b0:   0000000000002000 0000000018e0f239
0x0000000018e0f1c0:   0000000005105f50 0000000005106de0
0x0000000018e0f1d0:   0000000000000000 000000000510623a
0x0000000018e0f1e0:   0000000005106db0 0000000005105f50
0x0000000018e0f1f0:   0000000005108ce7 0000000002e1000a
0x0000000018e0f200:   0000000018e0f1f8 0000000000010001
0x0000000018e0f210:   0000000005106dc0 0000000005106dc0
0x0000000018e0f220:   000000000510f5a0 0000000005106dc0
0x0000000018e0f230:   000000000510f5a0 000000000510fcb8
0x0000000018e0f240:   000000006c75f848 0000000018e0f1d0
0x0000000018e0f250:   0000000005108cdd 000000006c1e389d
0x0000000018e0f260:   000000006c7bd5c0 000000006c20ba5c
0x0000000018e0f270:   000000006c931630 000000006c7bd5c0 

Instructions: (pc=0x000000006c21492d)
0x000000006c21490d:   00 00 e8 4c 8a ff ff 48 8b d8 48 85 c0 74 69 40
0x000000006c21491d:   84 ff 74 0c 4c 8b 00 b2 01 48 8b c8 41 ff 50 48
0x000000006c21492d:   48 8b 13 48 8b cb ff 52 08 48 8b cb 84 c0 74 0e
0x000000006c21493d:   48 8b d5 e8 5b bb 08 00 84 c0 75 46 eb 3a 48 8b 


Register to memory mapping:

RAX=0x00000030bd6548ba is an unknown value
RBX=0x00000030bd6548ba is an unknown value
RCX=0x0000000000000000 is an unknown value
RDX=0x000000000302f4a0 is an unknown value
RSP=0x0000000018e0f180 is an unknown value
RBP=0x000000006c9316c0 is an unknown value
RSI=0x000000001fe218f0 is an unknown value
RDI=0x0000000000000000 is an unknown value
R8 =0x0000000003090000 is an unknown value
R9 =0x0000000000000006 is an unknown value
R10=0x0000000005106070 is at entry_point+-3408 in (nmethod*)0x0000000005105f50
R11=0x0000000005106de0 is at entry_point+32 in (nmethod*)0x0000000005105f50
R12=0x000000006c9316c0 is an unknown value
R13=0x000000000000f000 is an unknown value
R14=0x000000006c74fe28 is an unknown value
R15=0x0000000000000000 is an unknown value


Stack: [0x0000000018d10000,0x0000000018e10000],  sp=0x0000000018e0f180,  free space=1020k
Native frames: (J=compiled Java code, j=interpreted, Vv=VM code, C=native code)
V  [jvm.dll+0x7492d]
V  [jvm.dll+0x75ee3]
V  [jvm.dll+0x6bf4f]
V  [jvm.dll+0x3d00ca]
V  [jvm.dll+0x3d1444]
V  [jvm.dll+0x3d53bf]
V  [jvm.dll+0x3c4fd4]
V  [jvm.dll+0x3d7946]
V  [jvm.dll+0x2275e7]
V  [jvm.dll+0x226862]
V  [jvm.dll+0x226d11]
V  [jvm.dll+0x226f40]
V  [jvm.dll+0x27276a]
C  [msvcr100.dll+0x21d9f]
C  [msvcr100.dll+0x21e3b]
C  [KERNEL32.DLL+0x17c24]
C  [ntdll.dll+0x6d721]

VM_Operation (0x000000001db2e810): ParallelGCFailedAllocation, mode: safepoint, requested by thread 0x0000000019f3d000


---------------  P R O C E S S  ---------------

Java Threads: ( => current thread )
  0x000000002bb6b000 JavaThread "stdout" [_thread_in_native, id=6968, stack(0x0000000038100000,0x0000000038200000)]
  0x000000002bb6c800 JavaThread "stderr" [_thread_in_native, id=816, stack(0x0000000038000000,0x0000000038100000)]
  0x000000002bb6f800 JavaThread "stdout" [_thread_in_native, id=1784, stack(0x0000000037f00000,0x0000000038000000)]
  0x000000001b1fa800 JavaThread "stderr" [_thread_in_native, id=1592, stack(0x0000000037e00000,0x0000000037f00000)]
  0x000000001f25c000 JavaThread "stdout" [_thread_in_native, id=7216, stack(0x0000000037d00000,0x0000000037e00000)]
  0x0000000034487000 JavaThread "stderr" [_thread_in_native, id=6268, stack(0x0000000037c00000,0x0000000037d00000)]
  0x0000000034486000 JavaThread "stdout" [_thread_in_native, id=5164, stack(0x0000000037b00000,0x0000000037c00000)]
  0x000000003447f800 JavaThread "stderr" [_thread_in_native, id=6560, stack(0x0000000037a00000,0x0000000037b00000)]
  0x0000000034484000 JavaThread "pool-9-thread-1" [_thread_blocked, id=7496, stack(0x0000000037900000,0x0000000037a00000)]
  0x0000000034485800 JavaThread "WorkerExecutor Queue Thread 4" [_thread_blocked, id=3324, stack(0x0000000037800000,0x0000000037900000)]
  0x0000000034484800 JavaThread "WorkerExecutor Queue Thread 3" [_thread_blocked, id=2344, stack(0x0000000037700000,0x0000000037800000)]
  0x0000000034482800 JavaThread "WorkerExecutor Queue Thread 2" [_thread_blocked, id=8508, stack(0x0000000037600000,0x0000000037700000)]
  0x0000000034483000 JavaThread "WorkerExecutor Queue" [_thread_blocked, id=8956, stack(0x0000000037500000,0x0000000037600000)]
  0x000000003447b800 JavaThread "Cache worker for execution history cache (D:\Akash_data\Documents\Mypak\.gradle\6.5\executionHistory)" [_thread_blocked, id=4296, stack(0x0000000037400000,0x0000000037500000)]
  0x0000000034481800 JavaThread "Execution worker for ':' Thread 3" [_thread_blocked, id=652, stack(0x0000000037300000,0x0000000037400000)]
  0x000000003447e000 JavaThread "Execution worker for ':' Thread 2" [_thread_blocked, id=6012, stack(0x0000000037000000,0x0000000037100000)]
  0x0000000034480000 JavaThread "Execution worker for ':'" [_thread_blocked, id=1628, stack(0x0000000036f00000,0x0000000037000000)]
  0x000000003447a000 JavaThread "Cache worker for file content cache (D:\Akash_data\Documents\Mypak\.gradle\6.5\fileContent)" [_thread_blocked, id=7936, stack(0x0000000036c00000,0x0000000036d00000)]
  0x000000003447e800 JavaThread "Cache worker for Build Output Cleanup Cache (D:\Akash_data\Documents\Mypak\.gradle\buildOutputCleanup)" [_thread_blocked, id=4520, stack(0x0000000036b00000,0x0000000036c00000)]
  0x0000000034481000 JavaThread "jar transforms Thread 368" [_thread_blocked, id=3972, stack(0x0000000036a00000,0x0000000036b00000)]
  0x0000000034477800 JavaThread "jar transforms Thread 367" [_thread_blocked, id=6040, stack(0x0000000036900000,0x0000000036a00000)]
  0x0000000034478800 JavaThread "jar transforms Thread 366" [_thread_blocked, id=4104, stack(0x0000000036800000,0x0000000036900000)]
  0x0000000034479000 JavaThread "jar transforms Thread 365" [_thread_blocked, id=8212, stack(0x0000000036700000,0x0000000036800000)]
  0x0000000019f3a800 JavaThread "jar transforms Thread 364" [_thread_blocked, id=2916, stack(0x0000000036600000,0x0000000036700000)]
  0x0000000019f3a000 JavaThread "jar transforms Thread 363" [_thread_blocked, id=7160, stack(0x0000000036500000,0x0000000036600000)]
  0x0000000019f39000 JavaThread "jar transforms Thread 362" [_thread_blocked, id=8460, stack(0x0000000036400000,0x0000000036500000)]
  0x0000000019f40000 JavaThread "jar transforms Thread 361" [_thread_blocked, id=1580, stack(0x0000000036300000,0x0000000036400000)]
  0x0000000019f3e800 JavaThread "jar transforms Thread 360" [_thread_blocked, id=6952, stack(0x0000000036200000,0x0000000036300000)]
  0x0000000019f3c000 JavaThread "jar transforms Thread 359" [_thread_blocked, id=4648, stack(0x0000000036100000,0x0000000036200000)]
  0x0000000019f3b800 JavaThread "jar transforms Thread 358" [_thread_blocked, id=3100, stack(0x0000000036000000,0x0000000036100000)]
  0x000000001f269800 JavaThread "jar transforms Thread 357" [_thread_blocked, id=2660, stack(0x0000000035f00000,0x0000000036000000)]
  0x000000001f268800 JavaThread "jar transforms Thread 356" [_thread_blocked, id=4012, stack(0x0000000035e00000,0x0000000035f00000)]
  0x000000001f261000 JavaThread "jar transforms Thread 355" [_thread_blocked, id=7940, stack(0x0000000035d00000,0x0000000035e00000)]
  0x000000001f268000 JavaThread "jar transforms Thread 354" [_thread_blocked, id=7612, stack(0x0000000035c00000,0x0000000035d00000)]
  0x000000001f265800 JavaThread "jar transforms Thread 353" [_thread_blocked, id=3452, stack(0x0000000035b00000,0x0000000035c00000)]
  0x000000001f260800 JavaThread "jar transforms Thread 352" [_thread_blocked, id=1152, stack(0x0000000035a00000,0x0000000035b00000)]
  0x000000001f267000 JavaThread "jar transforms Thread 351" [_thread_blocked, id=8444, stack(0x0000000035900000,0x0000000035a00000)]
  0x000000001f263800 JavaThread "jar transforms Thread 350" [_thread_blocked, id=8480, stack(0x0000000035800000,0x0000000035900000)]
  0x000000001f266800 JavaThread "jar transforms Thread 349" [_thread_blocked, id=8872, stack(0x0000000035700000,0x0000000035800000)]
  0x000000001fdcd800 JavaThread "jar transforms Thread 348" [_thread_blocked, id=5720, stack(0x0000000035600000,0x0000000035700000)]
  0x000000001fdcd000 JavaThread "jar transforms Thread 347" [_thread_blocked, id=8052, stack(0x0000000035500000,0x0000000035600000)]
  0x000000001fdcc000 JavaThread "jar transforms Thread 346" [_thread_blocked, id=2768, stack(0x0000000035400000,0x0000000035500000)]
  0x000000001fdcb800 JavaThread "jar transforms Thread 345" [_thread_blocked, id=8572, stack(0x0000000035300000,0x0000000035400000)]
  0x000000001fdc4000 JavaThread "jar transforms Thread 344" [_thread_blocked, id=5036, stack(0x0000000035200000,0x0000000035300000)]
  0x000000001fdca800 JavaThread "jar transforms Thread 343" [_thread_blocked, id=4312, stack(0x0000000035100000,0x0000000035200000)]
  0x000000001fdca000 JavaThread "jar transforms Thread 342" [_thread_blocked, id=1832, stack(0x0000000035000000,0x0000000035100000)]
  0x000000001fdc2800 JavaThread "jar transforms Thread 341" [_thread_blocked, id=3976, stack(0x0000000033ed0000,0x0000000033fd0000)]
  0x000000001fdbf800 JavaThread "jar transforms Thread 340" [_thread_blocked, id=8388, stack(0x0000000033dd0000,0x0000000033ed0000)]
  0x000000001fdbe800 JavaThread "jar transforms Thread 339" [_thread_blocked, id=3064, stack(0x0000000033cd0000,0x0000000033dd0000)]
  0x000000001fdc5800 JavaThread "jar transforms Thread 338" [_thread_blocked, id=72, stack(0x0000000033bd0000,0x0000000033cd0000)]
  0x000000001aa16000 JavaThread "jar transforms Thread 337" [_thread_blocked, id=6356, stack(0x0000000032a90000,0x0000000032b90000)]
  0x000000001aa15000 JavaThread "jar transforms Thread 336" [_thread_blocked, id=6868, stack(0x0000000032990000,0x0000000032a90000)]
  0x000000001aa16800 JavaThread "jar transforms Thread 335" [_thread_blocked, id=4376, stack(0x0000000032690000,0x0000000032790000)]
  0x000000001aa12000 JavaThread "jar transforms Thread 334" [_thread_blocked, id=4564, stack(0x0000000032590000,0x0000000032690000)]
  0x000000001aa14800 JavaThread "jar transforms Thread 333" [_thread_blocked, id=7908, stack(0x00000000314a0000,0x00000000315a0000)]
  0x000000001aa0a800 JavaThread "jar transforms Thread 332" [_thread_blocked, id=1184, stack(0x0000000031100000,0x0000000031200000)]
  0x000000001aa11800 JavaThread "jar transforms Thread 331" [_thread_blocked, id=7960, stack(0x000000002fe00000,0x000000002ff00000)]
  0x000000001aa09800 JavaThread "jar transforms Thread 330" [_thread_blocked, id=4284, stack(0x000000002f500000,0x000000002f600000)]
  0x000000001aa10800 JavaThread "jar transforms Thread 329" [_thread_blocked, id=936, stack(0x000000002f400000,0x000000002f500000)]
  0x000000001aa0e800 JavaThread "jar transforms Thread 328" [_thread_blocked, id=5056, stack(0x000000002f300000,0x000000002f400000)]
  0x000000001aa0d000 JavaThread "jar transforms Thread 327" [_thread_blocked, id=1312, stack(0x000000002f200000,0x000000002f300000)]
  0x000000001aa0c000 JavaThread "jar transforms Thread 326" [_thread_blocked, id=1308, stack(0x000000002f100000,0x000000002f200000)]
  0x000000001ef75800 JavaThread "jar transforms Thread 325" [_thread_blocked, id=8576, stack(0x000000002f000000,0x000000002f100000)]
  0x000000001ef7c800 JavaThread "jar transforms Thread 324" [_thread_blocked, id=5148, stack(0x000000002ef00000,0x000000002f000000)]
  0x000000001ef7a000 JavaThread "jar transforms Thread 323" [_thread_blocked, id=8288, stack(0x000000002ee00000,0x000000002ef00000)]
  0x000000001ef79800 JavaThread "jar transforms Thread 322" [_thread_blocked, id=8304, stack(0x000000002ed00000,0x000000002ee00000)]
  0x000000001ef75000 JavaThread "jar transforms Thread 321" [_thread_blocked, id=2852, stack(0x000000002ec00000,0x000000002ed00000)]
  0x000000001ef7b000 JavaThread "jar transforms Thread 320" [_thread_blocked, id=7756, stack(0x000000002eb00000,0x000000002ec00000)]
  0x000000001ef7b800 JavaThread "jar transforms Thread 319" [_thread_blocked, id=5420, stack(0x000000002e7b0000,0x000000002e8b0000)]
  0x000000001ef70800 JavaThread "jar transforms Thread 318" [_thread_blocked, id=2240, stack(0x000000002e6b0000,0x000000002e7b0000)]
  0x000000001ef71000 JavaThread "jar transforms Thread 317" [_thread_blocked, id=4248, stack(0x000000002e3b0000,0x000000002e4b0000)]
  0x000000001ef72800 JavaThread "jar transforms Thread 316" [_thread_blocked, id=4144, stack(0x000000002e2b0000,0x000000002e3b0000)]
  0x000000001ef76800 JavaThread "jar transforms Thread 315" [_thread_blocked, id=5896, stack(0x000000002b9b0000,0x000000002bab0000)]
  0x000000001ef77000 JavaThread "jar transforms Thread 314" [_thread_blocked, id=6048, stack(0x000000002b2b0000,0x000000002b3b0000)]
  0x000000001ef73800 JavaThread "jar transforms Thread 313" [_thread_blocked, id=5256, stack(0x0000000028b50000,0x0000000028c50000)]
  0x0000000033a1c800 JavaThread "jar transforms Thread 312" [_thread_blocked, id=1492, stack(0x0000000028a50000,0x0000000028b50000)]
  0x0000000033a1b800 JavaThread "jar transforms Thread 311" [_thread_blocked, id=2096, stack(0x0000000028950000,0x0000000028a50000)]
  0x0000000033a1b000 JavaThread "jar transforms Thread 310" [_thread_blocked, id=4984, stack(0x0000000028850000,0x0000000028950000)]
  0x0000000033a19800 JavaThread "jar transforms Thread 309" [_thread_blocked, id=1084, stack(0x0000000028750000,0x0000000028850000)]
  0x0000000033a18800 JavaThread "jar transforms Thread 308" [_thread_blocked, id=8360, stack(0x0000000028650000,0x0000000028750000)]
  0x0000000033a1a000 JavaThread "jar transforms Thread 307" [_thread_blocked, id=5520, stack(0x0000000028550000,0x0000000028650000)]
  0x0000000033a11000 JavaThread "jar transforms Thread 306" [_thread_blocked, id=6440, stack(0x0000000028250000,0x0000000028350000)]
  0x0000000033a18000 JavaThread "jar transforms Thread 305" [_thread_blocked, id=5708, stack(0x0000000028150000,0x0000000028250000)]
  0x0000000033a17000 JavaThread "jar transforms Thread 304" [_thread_blocked, id=6080, stack(0x0000000028050000,0x0000000028150000)]
  0x0000000033a10800 JavaThread "jar transforms Thread 303" [_thread_blocked, id=8676, stack(0x0000000027f50000,0x0000000028050000)]
  0x0000000033a16800 JavaThread "jar transforms Thread 302" [_thread_blocked, id=4076, stack(0x0000000027e50000,0x0000000027f50000)]
  0x0000000033a15800 JavaThread "jar transforms Thread 301" [_thread_blocked, id=4004, stack(0x0000000027d50000,0x0000000027e50000)]
  0x0000000033a12000 JavaThread "jar transforms Thread 300" [_thread_blocked, id=8588, stack(0x0000000027c50000,0x0000000027d50000)]
  0x0000000033a0e000 JavaThread "jar transforms Thread 299" [_thread_blocked, id=732, stack(0x0000000027b50000,0x0000000027c50000)]
  0x0000000033a15000 JavaThread "jar transforms Thread 298" [_thread_blocked, id=1796, stack(0x0000000027a50000,0x0000000027b50000)]
  0x0000000033a0f000 JavaThread "jar transforms Thread 297" [_thread_blocked, id=8636, stack(0x0000000027950000,0x0000000027a50000)]
  0x000000001b205000 JavaThread "jar transforms Thread 296" [_thread_blocked, id=5784, stack(0x0000000027850000,0x0000000027950000)]
  0x000000001b204000 JavaThread "jar transforms Thread 295" [_thread_blocked, id=812, stack(0x0000000027750000,0x0000000027850000)]
  0x000000001b203800 JavaThread "jar transforms Thread 294" [_thread_blocked, id=8936, stack(0x0000000027650000,0x0000000027750000)]
  0x000000001b202800 JavaThread "jar transforms Thread 293" [_thread_blocked, id=5504, stack(0x0000000023940000,0x0000000023a40000)]
  0x000000001b205800 JavaThread "jar transforms Thread 292" [_thread_blocked, id=2176, stack(0x0000000022e40000,0x0000000022f40000)]
  0x000000001b200800 JavaThread "jar transforms Thread 291" [_thread_blocked, id=1584, stack(0x0000000022b40000,0x0000000022c40000)]
  0x000000001b1ff800 JavaThread "jar transforms Thread 290" [_thread_blocked, id=4912, stack(0x0000000022a40000,0x0000000022b40000)]
  0x000000001b206800 JavaThread "jar transforms Thread 289" [_thread_blocked, id=3552, stack(0x0000000022940000,0x0000000022a40000)]
  0x000000001b202000 JavaThread "jar transforms Thread 288" [_thread_blocked, id=4512, stack(0x0000000022840000,0x0000000022940000)]
  0x000000001b201000 JavaThread "jar transforms Thread 287" [_thread_blocked, id=9192, stack(0x0000000022740000,0x0000000022840000)]
  0x000000001b1f8000 JavaThread "jar transforms Thread 286" [_thread_blocked, id=6604, stack(0x0000000022640000,0x0000000022740000)]
  0x000000001b1ff000 JavaThread "jar transforms Thread 285" [_thread_blocked, id=2684, stack(0x0000000022440000,0x0000000022540000)]
  0x000000001b1f7800 JavaThread "jar transforms Thread 284" [_thread_blocked, id=2284, stack(0x00000000221a0000,0x00000000222a0000)]
  0x000000001b1fe000 JavaThread "jar transforms Thread 283" [_thread_blocked, id=792, stack(0x00000000220a0000,0x00000000221a0000)]
  0x000000001b1fc800 JavaThread "jar transforms Thread 282" [_thread_blocked, id=8184, stack(0x0000000021fa0000,0x00000000220a0000)]
  0x000000001b1fc000 JavaThread "jar transforms Thread 281" [_thread_blocked, id=1396, stack(0x0000000021ea0000,0x0000000021fa0000)]
  0x000000001b1fd800 JavaThread "jar transforms Thread 280" [_thread_blocked, id=8308, stack(0x0000000021940000,0x0000000021a40000)]
  0x0000000034c3b000 JavaThread "jar transforms Thread 279" [_thread_blocked, id=3232, stack(0x0000000021840000,0x0000000021940000)]
  0x0000000034c3b800 JavaThread "jar transforms Thread 278" [_thread_blocked, id=5532, stack(0x0000000021740000,0x0000000021840000)]
  0x0000000034c3a000 JavaThread "jar transforms Thread 277" [_thread_blocked, id=4868, stack(0x0000000021640000,0x0000000021740000)]
  0x0000000034c3c800 JavaThread "Build operations Thread 4" [_thread_blocked, id=4348, stack(0x0000000021540000,0x0000000021640000)]
  0x0000000034c32800 JavaThread "Build operations Thread 3" [_thread_blocked, id=8352, stack(0x00000000201d0000,0x00000000202d0000)]
  0x0000000034c39800 JavaThread "Build operations Thread 2" [_thread_blocked, id=5364, stack(0x00000000200d0000,0x00000000201d0000)]
  0x0000000034c37000 JavaThread "Build operations" [_thread_blocked, id=5392, stack(0x000000001ffd0000,0x00000000200d0000)]
  0x0000000034c35000 JavaThread "Cache worker for cache directory md-rule (C:\Users\Akash\.gradle\caches\6.5\md-rule)" [_thread_blocked, id=7272, stack(0x000000001fed0000,0x000000001ffd0000)]
  0x0000000034c35800 JavaThread "Cache worker for cache directory md-supplier (C:\Users\Akash\.gradle\caches\6.5\md-supplier)" [_thread_blocked, id=7780, stack(0x000000001d730000,0x000000001d830000)]
  0x0000000034c36800 JavaThread "Cache worker for checksums cache (D:\Akash_data\Documents\Mypak\.gradle\checksums)" [_thread_blocked, id=2912, stack(0x000000001d430000,0x000000001d530000)]
  0x0000000034c2d800 JavaThread "Cache worker for file hash cache (D:\Akash_data\Documents\Mypak\.gradle\6.5\fileHashes)" [_thread_blocked, id=3120, stack(0x000000001d330000,0x000000001d430000)]
  0x0000000034c32000 JavaThread "Thread-357" [_thread_blocked, id=5740, stack(0x000000001d230000,0x000000001d330000)]
  0x0000000034c31000 JavaThread "Stdin handler" [_thread_blocked, id=8112, stack(0x000000001d130000,0x000000001d230000)]
  0x0000000034c30800 JavaThread "Asynchronous log dispatcher for DefaultDaemonConnection: socket connection from /127.0.0.1:51511 to /127.0.0.1:52581" [_thread_blocked, id=8276, stack(0x000000001caf0000,0x000000001cbf0000)]
  0x0000000034c33800 JavaThread "Daemon worker Thread 4" [_thread_blocked, id=7504, stack(0x000000001c9f0000,0x000000001caf0000)]
  0x0000000034c34000 JavaThread "Cancel handler" [_thread_blocked, id=2984, stack(0x0000000002c90000,0x0000000002d90000)]
  0x0000000034c2f800 JavaThread "Handler for socket connection from /127.0.0.1:51511 to /127.0.0.1:52581" [_thread_in_native, id=8188, stack(0x0000000001350000,0x0000000001450000)]
  0x0000000034c2f000 JavaThread "Daemon Thread 4" [_thread_blocked, id=6368, stack(0x0000000001250000,0x0000000001350000)]
  0x000000001ef7f800 JavaThread "Cache worker for Java compile cache (C:\Users\Akash\.gradle\caches\6.5\javaCompile)" [_thread_blocked, id=4780, stack(0x000000002fd00000,0x000000002fe00000)]
  0x000000001b1f9800 JavaThread "Memory manager" [_thread_blocked, id=840, stack(0x000000002b1b0000,0x000000002b2b0000)]
  0x000000001f25f000 JavaThread "Cache worker for file content cache (C:\Users\Akash\.gradle\caches\6.5\fileContent)" [_thread_blocked, id=5888, stack(0x0000000023840000,0x0000000023940000)]
  0x000000001f25d800 JavaThread "Cache worker for execution history cache (C:\Users\Akash\.gradle\caches\6.5\executionHistory)" [_thread_blocked, id=1844, stack(0x0000000023340000,0x0000000023440000)]
  0x0000000019f3f000 JavaThread "Cache worker for file hash cache (C:\Users\Akash\.gradle\caches\6.5\fileHashes)" [_thread_blocked, id=3280, stack(0x000000001dc30000,0x000000001dd30000)]
  0x0000000019f3d800 JavaThread "File lock request listener" [_thread_in_native, id=6696, stack(0x000000001db30000,0x000000001dc30000)]
  0x0000000019f3d000 JavaThread "Cache worker for journal cache (C:\Users\Akash\.gradle\caches\journal-1)" [_thread_blocked, id=9108, stack(0x000000001da30000,0x000000001db30000)]
  0x0000000019c86800 JavaThread "Daemon periodic checks" [_thread_blocked, id=6280, stack(0x000000001d030000,0x000000001d130000)]
  0x0000000019d46800 JavaThread "Incoming local TCP Connector on port 51511" [_thread_in_native, id=7676, stack(0x000000001cbf0000,0x000000001ccf0000)]
  0x000000001b7c8800 JavaThread "Daemon health stats" [_thread_blocked, id=7112, stack(0x000000001c5b0000,0x000000001c6b0000)]
  0x0000000019648800 JavaThread "Service Thread" daemon [_thread_blocked, id=9016, stack(0x0000000019a10000,0x0000000019b10000)]
  0x0000000017ccb000 JavaThread "C1 CompilerThread2" daemon [_thread_blocked, id=8908, stack(0x0000000019510000,0x0000000019610000)]
  0x0000000017cbc000 JavaThread "C2 CompilerThread1" daemon [_thread_blocked, id=948, stack(0x0000000019410000,0x0000000019510000)]
  0x0000000017cb1800 JavaThread "C2 CompilerThread0" daemon [_thread_blocked, id=3344, stack(0x0000000019310000,0x0000000019410000)]
  0x0000000017cb0000 JavaThread "Attach Listener" daemon [_thread_blocked, id=5516, stack(0x0000000019210000,0x0000000019310000)]
  0x0000000017cb4800 JavaThread "Signal Dispatcher" daemon [_thread_blocked, id=4836, stack(0x0000000019110000,0x0000000019210000)]
  0x000000000308b000 JavaThread "Finalizer" daemon [_thread_blocked, id=5608, stack(0x0000000018f10000,0x0000000019010000)]
  0x0000000017c99000 JavaThread "Reference Handler" daemon [_thread_blocked, id=1104, stack(0x0000000018e10000,0x0000000018f10000)]
  0x0000000002e1e000 JavaThread "main" [_thread_blocked, id=1884, stack(0x0000000002e90000,0x0000000002f90000)]

Other Threads:
=>0x0000000017c76000 VMThread [stack: 0x0000000018d10000,0x0000000018e10000] [id=4772]
  0x0000000017d0c000 WatcherThread [stack: 0x0000000019b10000,0x0000000019c10000] [id=1052]

VM state:at safepoint (normal execution)

VM Mutex/Monitor currently owned by a thread:  ([mutex/lock_event])
[0x0000000002e1ce30] Threads_lock - owner thread: 0x0000000017c76000
[0x0000000002e1d030] Heap_lock - owner thread: 0x0000000019f3d000

heap address: 0x0000000080000000, size: 2048 MB, Compressed Oops mode: 32-bit
Narrow klass base: 0x0000000000000000, Narrow klass shift: 3
Compressed class space size: 1073741824 Address: 0x0000000100000000

Heap:
 PSYoungGen      total 627200K, used 15679K [0x00000000d5580000, 0x00000000ffa00000, 0x0000000100000000)
  eden space 569856K, 0% used [0x00000000d5580000,0x00000000d5580000,0x00000000f8200000)
  from space 57344K, 27% used [0x00000000fc200000,0x00000000fd14fd98,0x00000000ffa00000)
  to   space 61440K, 0% used [0x00000000f8200000,0x00000000f8200000,0x00000000fbe00000)
 ParOldGen       total 197632K, used 173537K [0x0000000080000000, 0x000000008c100000, 0x00000000d5580000)
  object space 197632K, 87% used [0x0000000080000000,0x000000008a978718,0x000000008c100000)
 Metaspace       used 129122K, capacity 135608K, committed 135768K, reserved 1167360K
  class space    used 16458K, capacity 17755K, committed 17792K, reserved 1048576K

Card table byte_map: [0x0000000012450000,0x0000000012860000] byte_map_base: 0x0000000012050000

Marking Bits: (ParMarkBitMap*) 0x000000006c96f030
 Begin Bits: [0x0000000012f10000, 0x0000000014f10000)
 End Bits:   [0x0000000014f10000, 0x0000000016f10000)

Polling page: 0x0000000001140000

CodeCache: size=245760Kb used=78423Kb max_used=78436Kb free=167336Kb
 bounds [0x0000000003090000, 0x0000000007d90000, 0x0000000012090000]
 total_blobs=22326 nmethods=21397 adapters=837
 compilation: enabled

Compilation events (10 events):
Event: 5558.860 Thread 0x0000000017ccb000 nmethod 26967 0x0000000007d693d0 code [0x0000000007d69520, 0x0000000007d69650]
Event: 5558.890 Thread 0x0000000017cb1800 26968   !   4       org.gradle.internal.snapshot.impl.DirectorySnapshotter$PathVisitor::visitFile (161 bytes)
Event: 5558.899 Thread 0x0000000017cbc000 26969       4       org.gradle.internal.snapshot.impl.DirectorySnapshotter$PathVisitor::visitResolvedFile (52 bytes)
Event: 5558.941 Thread 0x0000000017cb1800 nmethod 26968 0x0000000007d7f210 code [0x0000000007d7f420, 0x0000000007d80450]
Event: 5558.941 Thread 0x0000000017cb1800 26970   !   4       java.nio.file.Files::walkFileTree (355 bytes)
Event: 5558.947 Thread 0x0000000017cbc000 nmethod 26969 0x0000000007d82050 code [0x0000000007d82260, 0x0000000007d83250]
Event: 5558.966 Thread 0x0000000017cbc000 26971       4       com.google.common.collect.TransformedIterator::next (14 bytes)
Event: 5558.967 Thread 0x0000000017cbc000 nmethod 26971 0x0000000007d7da50 code [0x0000000007d7dba0, 0x0000000007d7dc38]
Event: 5558.996 Thread 0x0000000017cbc000 26972       4       org.gradle.api.internal.file.AbstractFileCollection::iterator (10 bytes)
Event: 5558.998 Thread 0x0000000017cbc000 nmethod 26972 0x0000000007d7d690 code [0x0000000007d7d7e0, 0x0000000007d7d8f8]

GC Heap History (10 events):
Event: 4517.631 GC heap after
Heap after GC invocations=33 (full 5):
 PSYoungGen      total 625664K, used 43582K [0x00000000d5580000, 0x0000000100000000, 0x0000000100000000)
  eden space 557568K, 0% used [0x00000000d5580000,0x00000000d5580000,0x00000000f7600000)
  from space 68096K, 64% used [0x00000000fbd80000,0x00000000fe80fa40,0x0000000100000000)
  to   space 70656K, 0% used [0x00000000f7600000,0x00000000f7600000,0x00000000fbb00000)
 ParOldGen       total 197632K, used 142404K [0x0000000080000000, 0x000000008c100000, 0x00000000d5580000)
  object space 197632K, 72% used [0x0000000080000000,0x0000000088b112c8,0x000000008c100000)
 Metaspace       used 120343K, capacity 125670K, committed 125912K, reserved 1159168K
  class space    used 15343K, capacity 16330K, committed 16384K, reserved 1048576K
}
Event: 4522.060 GC heap before
{Heap before GC invocations=34 (full 5):
 PSYoungGen      total 625664K, used 601150K [0x00000000d5580000, 0x0000000100000000, 0x0000000100000000)
  eden space 557568K, 100% used [0x00000000d5580000,0x00000000f7600000,0x00000000f7600000)
  from space 68096K, 64% used [0x00000000fbd80000,0x00000000fe80fa40,0x0000000100000000)
  to   space 70656K, 0% used [0x00000000f7600000,0x00000000f7600000,0x00000000fbb00000)
 ParOldGen       total 197632K, used 142404K [0x0000000080000000, 0x000000008c100000, 0x00000000d5580000)
  object space 197632K, 72% used [0x0000000080000000,0x0000000088b112c8,0x000000008c100000)
 Metaspace       used 120368K, capacity 125684K, committed 125912K, reserved 1159168K
  class space    used 15343K, capacity 16331K, committed 16384K, reserved 1048576K
Event: 4522.393 GC heap after
Heap after GC invocations=34 (full 5):
 PSYoungGen      total 628224K, used 10234K [0x00000000d5580000, 0x00000000fff80000, 0x0000000100000000)
  eden space 557568K, 0% used [0x00000000d5580000,0x00000000d5580000,0x00000000f7600000)
  from space 70656K, 14% used [0x00000000f7600000,0x00000000f7ffe848,0x00000000fbb00000)
  to   space 69120K, 0% used [0x00000000fbc00000,0x00000000fbc00000,0x00000000fff80000)
 ParOldGen       total 197632K, used 157887K [0x0000000080000000, 0x000000008c100000, 0x00000000d5580000)
  object space 197632K, 79% used [0x0000000080000000,0x0000000089a2fec0,0x000000008c100000)
 Metaspace       used 120368K, capacity 125684K, committed 125912K, reserved 1159168K
  class space    used 15343K, capacity 16331K, committed 16384K, reserved 1048576K
}
Event: 4526.728 GC heap before
{Heap before GC invocations=35 (full 5):
 PSYoungGen      total 628224K, used 567602K [0x00000000d5580000, 0x00000000fff80000, 0x0000000100000000)
  eden space 557568K, 99% used [0x00000000d5580000,0x00000000f75ce130,0x00000000f7600000)
  from space 70656K, 14% used [0x00000000f7600000,0x00000000f7ffe848,0x00000000fbb00000)
  to   space 69120K, 0% used [0x00000000fbc00000,0x00000000fbc00000,0x00000000fff80000)
 ParOldGen       total 197632K, used 157887K [0x0000000080000000, 0x000000008c100000, 0x00000000d5580000)
  object space 197632K, 79% used [0x0000000080000000,0x0000000089a2fec0,0x000000008c100000)
 Metaspace       used 120815K, capacity 126140K, committed 126296K, reserved 1159168K
  class space    used 15389K, capacity 16371K, committed 16512K, reserved 1048576K
Event: 4526.763 GC heap after
Heap after GC invocations=35 (full 5):
 PSYoungGen      total 620032K, used 23040K [0x00000000d5580000, 0x00000000ff780000, 0x0000000100000000)
  eden space 559104K, 0% used [0x00000000d5580000,0x00000000d5580000,0x00000000f7780000)
  from space 60928K, 37% used [0x00000000fbc00000,0x00000000fd280378,0x00000000ff780000)
  to   space 65536K, 0% used [0x00000000f7780000,0x00000000f7780000,0x00000000fb780000)
 ParOldGen       total 197632K, used 163334K [0x0000000080000000, 0x000000008c100000, 0x00000000d5580000)
  object space 197632K, 82% used [0x0000000080000000,0x0000000089f81b00,0x000000008c100000)
 Metaspace       used 120815K, capacity 126140K, committed 126296K, reserved 1159168K
  class space    used 15389K, capacity 16371K, committed 16512K, reserved 1048576K
}
Event: 4638.228 GC heap before
{Heap before GC invocations=36 (full 5):
 PSYoungGen      total 620032K, used 582144K [0x00000000d5580000, 0x00000000ff780000, 0x0000000100000000)
  eden space 559104K, 100% used [0x00000000d5580000,0x00000000f7780000,0x00000000f7780000)
  from space 60928K, 37% used [0x00000000fbc00000,0x00000000fd280378,0x00000000ff780000)
  to   space 65536K, 0% used [0x00000000f7780000,0x00000000f7780000,0x00000000fb780000)
 ParOldGen       total 197632K, used 163334K [0x0000000080000000, 0x000000008c100000, 0x00000000d5580000)
  object space 197632K, 82% used [0x0000000080000000,0x0000000089f81b00,0x000000008c100000)
 Metaspace       used 124108K, capacity 130252K, committed 130392K, reserved 1163264K
  class space    used 15832K, capacity 17008K, committed 17024K, reserved 1048576K
Event: 4638.895 GC heap after
Heap after GC invocations=36 (full 5):
 PSYoungGen      total 624640K, used 15950K [0x00000000d5580000, 0x0000000100000000, 0x0000000100000000)
  eden space 559104K, 0% used [0x00000000d5580000,0x00000000d5580000,0x00000000f7780000)
  from space 65536K, 24% used [0x00000000f7780000,0x00000000f8713a40,0x00000000fb780000)
  to   space 63488K, 0% used [0x00000000fc200000,0x00000000fc200000,0x0000000100000000)
 ParOldGen       total 197632K, used 168990K [0x0000000080000000, 0x000000008c100000, 0x00000000d5580000)
  object space 197632K, 85% used [0x0000000080000000,0x000000008a507970,0x000000008c100000)
 Metaspace       used 124108K, capacity 130252K, committed 130392K, reserved 1163264K
  class space    used 15832K, capacity 17008K, committed 17024K, reserved 1048576K
}
Event: 5559.008 GC heap before
{Heap before GC invocations=37 (full 5):
 PSYoungGen      total 624640K, used 575054K [0x00000000d5580000, 0x0000000100000000, 0x0000000100000000)
  eden space 559104K, 100% used [0x00000000d5580000,0x00000000f7780000,0x00000000f7780000)
  from space 65536K, 24% used [0x00000000f7780000,0x00000000f8713a40,0x00000000fb780000)
  to   space 63488K, 0% used [0x00000000fc200000,0x00000000fc200000,0x0000000100000000)
 ParOldGen       total 197632K, used 168990K [0x0000000080000000, 0x000000008c100000, 0x00000000d5580000)
  object space 197632K, 85% used [0x0000000080000000,0x000000008a507970,0x000000008c100000)
 Metaspace       used 129122K, capacity 135608K, committed 135768K, reserved 1167360K
  class space    used 16458K, capacity 17755K, committed 17792K, reserved 1048576K
Event: 5560.139 GC heap after
Heap after GC invocations=37 (full 5):
 PSYoungGen      total 627200K, used 15679K [0x00000000d5580000, 0x00000000ffa00000, 0x0000000100000000)
  eden space 569856K, 0% used [0x00000000d5580000,0x00000000d5580000,0x00000000f8200000)
  from space 57344K, 27% used [0x00000000fc200000,0x00000000fd14fd98,0x00000000ffa00000)
  to   space 61440K, 0% used [0x00000000f8200000,0x00000000f8200000,0x00000000fbe00000)
 ParOldGen       total 197632K, used 173537K [0x0000000080000000, 0x000000008c100000, 0x00000000d5580000)
  object space 197632K, 87% used [0x0000000080000000,0x000000008a978718,0x000000008c100000)
 Metaspace       used 129122K, capacity 135608K, committed 135768K, reserved 1167360K
  class space    used 16458K, capacity 17755K, committed 17792K, reserved 1048576K
}
Event: 5560.140 GC heap before
{Heap before GC invocations=38 (full 6):
 PSYoungGen      total 627200K, used 15679K [0x00000000d5580000, 0x00000000ffa00000, 0x0000000100000000)
  eden space 569856K, 0% used [0x00000000d5580000,0x00000000d5580000,0x00000000f8200000)
  from space 57344K, 27% used [0x00000000fc200000,0x00000000fd14fd98,0x00000000ffa00000)
  to   space 61440K, 0% used [0x00000000f8200000,0x00000000f8200000,0x00000000fbe00000)
 ParOldGen       total 197632K, used 173537K [0x0000000080000000, 0x000000008c100000, 0x00000000d5580000)
  object space 197632K, 87% used [0x0000000080000000,0x000000008a978718,0x000000008c100000)
 Metaspace       used 129122K, capacity 135608K, committed 135768K, reserved 1167360K
  class space    used 16458K, capacity 17755K, committed 17792K, reserved 1048576K

Deoptimization events (10 events):
Event: 5555.245 Thread 0x0000000034c33800 Uncommon trap: reason=null_check action=make_not_entrant pc=0x00000000038a2ef4 method=com.sun.org.apache.xerces.internal.dom.NamedNodeMapImpl.findNamePoint(Ljava/lang/String;Ljava/lang/String;)I @ 105
Event: 5557.031 Thread 0x0000000034481800 Uncommon trap: reason=bimorphic action=maybe_recompile pc=0x00000000052004f8 method=com.sun.org.apache.xerces.internal.dom.ElementImpl.getNodeName()Ljava/lang/String; @ 8
Event: 5557.287 Thread 0x0000000034483000 Uncommon trap: reason=class_check action=maybe_recompile pc=0x000000000566cc14 method=com.sun.org.apache.xerces.internal.dom.ElementImpl.getTagName()Ljava/lang/String; @ 8
Event: 5558.179 Thread 0x0000000034c39800 Uncommon trap: reason=unstable_if action=reinterpret pc=0x00000000068bd840 method=com.google.common.cache.LongAdder.add(J)V @ 95
Event: 5558.363 Thread 0x0000000034480000 Uncommon trap: reason=class_check action=maybe_recompile pc=0x00000000074b9e10 method=org.gradle.api.internal.artifacts.transform.AttributeMatchingVariantSelector.disambiguateWithSchema(Lorg/gradle/internal/component/model/AttributeMatcher;Ljava/util/List
Event: 5558.364 Thread 0x0000000034480000 Uncommon trap: reason=class_check action=maybe_recompile pc=0x00000000074b9e10 method=org.gradle.api.internal.artifacts.transform.AttributeMatchingVariantSelector.disambiguateWithSchema(Lorg/gradle/internal/component/model/AttributeMatcher;Ljava/util/List
Event: 5558.369 Thread 0x0000000034480000 Uncommon trap: reason=class_check action=maybe_recompile pc=0x00000000074b9e10 method=org.gradle.api.internal.artifacts.transform.AttributeMatchingVariantSelector.disambiguateWithSchema(Lorg/gradle/internal/component/model/AttributeMatcher;Ljava/util/List
Event: 5558.529 Thread 0x0000000034480000 Uncommon trap: reason=class_check action=maybe_recompile pc=0x0000000007bdfb0c method=org.gradle.internal.execution.history.changes.SortedMapDiffUtil.diff(Ljava/util/SortedMap;Ljava/util/SortedMap;Lorg/gradle/internal/execution/history/changes/PropertyDif
Event: 5558.538 Thread 0x0000000034480000 Uncommon trap: reason=class_check action=maybe_recompile pc=0x0000000007bdfb0c method=org.gradle.internal.execution.history.changes.SortedMapDiffUtil.diff(Ljava/util/SortedMap;Ljava/util/SortedMap;Lorg/gradle/internal/execution/history/changes/PropertyDif
Event: 5558.816 Thread 0x0000000034482800 Uncommon trap: reason=class_check action=maybe_recompile pc=0x000000000566cc14 method=com.sun.org.apache.xerces.internal.dom.ElementImpl.getTagName()Ljava/lang/String; @ 8

Classes redefined (0 events):
No events

Internal exceptions (10 events):
Event: 5550.317 Thread 0x0000000034c32000 Exception <a 'java/lang/NoSuchMethodError': <clinit>> (0x00000000e39d1d48) thrown at [C:\src\AOSP-openjdk-git\hotspot\src\share\vm\prims\jni.cpp, line 1615]
Event: 5550.325 Thread 0x0000000034c32000 Exception <a 'java/lang/NoSuchMethodError': <clinit>> (0x00000000e39e9170) thrown at [C:\src\AOSP-openjdk-git\hotspot\src\share\vm\prims\jni.cpp, line 1615]
Event: 5550.325 Thread 0x0000000034c32000 Exception <a 'java/lang/NoSuchMethodError': <clinit>> (0x00000000e39ea5f8) thrown at [C:\src\AOSP-openjdk-git\hotspot\src\share\vm\prims\jni.cpp, line 1615]
Event: 5550.326 Thread 0x0000000034c32000 Exception <a 'java/lang/NoSuchMethodError': <clinit>> (0x00000000e39ebef0) thrown at [C:\src\AOSP-openjdk-git\hotspot\src\share\vm\prims\jni.cpp, line 1615]
Event: 5550.328 Thread 0x0000000034c32000 Exception <a 'java/lang/NoSuchMethodError': <clinit>> (0x00000000e39f5188) thrown at [C:\src\AOSP-openjdk-git\hotspot\src\share\vm\prims\jni.cpp, line 1615]
Event: 5550.331 Thread 0x0000000034c32000 Exception <a 'java/lang/NoSuchMethodError': <clinit>> (0x00000000e39ff738) thrown at [C:\src\AOSP-openjdk-git\hotspot\src\share\vm\prims\jni.cpp, line 1615]
Event: 5550.858 Thread 0x0000000034c33800 Exception <a 'sun/nio/fs/WindowsException'> (0x00000000e6e7e2c8) thrown at [C:\src\AOSP-openjdk-git\hotspot\src\share\vm\prims\jni.cpp, line 710]
Event: 5554.519 Thread 0x0000000034c33800 Implicit null exception at 0x000000000433da35 to 0x000000000433dab9
Event: 5554.550 Thread 0x0000000034c33800 Implicit null exception at 0x00000000055e2081 to 0x00000000055e2465
Event: 5555.245 Thread 0x0000000034c33800 Implicit null exception at 0x00000000038a2ad5 to 0x00000000038a2ec9

Events (10 events):
Event: 5558.529 Thread 0x0000000034480000 DEOPT UNPACKING pc=0x00000000030d557b sp=0x0000000036ffd6e0 mode 2
Event: 5558.538 Thread 0x0000000034480000 Uncommon trap: trap_request=0xffffffde fr.pc=0x0000000007bdfb0c
Event: 5558.538 Thread 0x0000000034480000 DEOPT PACKING pc=0x0000000007bdfb0c sp=0x0000000036ffd6e0
Event: 5558.538 Thread 0x0000000034480000 DEOPT UNPACKING pc=0x00000000030d557b sp=0x0000000036ffd6e0 mode 2
Event: 5558.816 Thread 0x0000000034482800 Uncommon trap: trap_request=0xffffffde fr.pc=0x000000000566cc14
Event: 5558.816 Thread 0x0000000034482800 DEOPT PACKING pc=0x000000000566cc14 sp=0x00000000376fe640
Event: 5558.816 Thread 0x0000000034482800 DEOPT UNPACKING pc=0x00000000030d557b sp=0x00000000376fe608 mode 2
Event: 5558.850 Executing VM operation: RevokeBias
Event: 5558.852 Executing VM operation: RevokeBias done
Event: 5559.004 Executing VM operation: ParallelGCFailedAllocation


Dynamic libraries:
0x00007ff7a6f10000 - 0x00007ff7a6f41000 	C:\Program Files\Android\Android Studio\jre\bin\java.exe
0x00007ffc26cc0000 - 0x00007ffc26eb0000 	C:\Windows\SYSTEM32\ntdll.dll
0x00007ffc24fa0000 - 0x00007ffc25052000 	C:\Windows\System32\KERNEL32.DLL
0x00007ffc23e90000 - 0x00007ffc24135000 	C:\Windows\System32\KERNELBASE.dll
0x00007ffc24ed0000 - 0x00007ffc24f73000 	C:\Windows\System32\ADVAPI32.dll
0x00007ffc25b90000 - 0x00007ffc25c2e000 	C:\Windows\System32\msvcrt.dll
0x00007ffc26ae0000 - 0x00007ffc26b77000 	C:\Windows\System32\sechost.dll
0x00007ffc263c0000 - 0x00007ffc264df000 	C:\Windows\System32\RPCRT4.dll
0x00007ffc26590000 - 0x00007ffc26724000 	C:\Windows\System32\USER32.dll
0x00007ffc23e60000 - 0x00007ffc23e81000 	C:\Windows\System32\win32u.dll
0x00007ffc26390000 - 0x00007ffc263b6000 	C:\Windows\System32\GDI32.dll
0x00007ffc23cc0000 - 0x00007ffc23e58000 	C:\Windows\System32\gdi32full.dll
0x00007ffc243f0000 - 0x00007ffc2448e000 	C:\Windows\System32\msvcp_win.dll
0x00007ffc24190000 - 0x00007ffc2428a000 	C:\Windows\System32\ucrtbase.dll
0x00007ffc14710000 - 0x00007ffc14994000 	C:\Windows\WinSxS\amd64_microsoft.windows.common-controls_6595b64144ccf1df_6.0.18362.1440_none_9e7dbfb9e45e8e67\COMCTL32.dll
0x00007ffc267a0000 - 0x00007ffc26ad6000 	C:\Windows\System32\combase.dll
0x00007ffc23c30000 - 0x00007ffc23cb1000 	C:\Windows\System32\bcryptPrimitives.dll
0x00007ffc26c40000 - 0x00007ffc26c6e000 	C:\Windows\System32\IMM32.DLL
0x000000006c0c0000 - 0x000000006c192000 	C:\Program Files\Android\Android Studio\jre\jre\bin\msvcr100.dll
0x000000006c1a0000 - 0x000000006c9eb000 	C:\Program Files\Android\Android Studio\jre\jre\bin\server\jvm.dll
0x00007ffc25c30000 - 0x00007ffc25c38000 	C:\Windows\System32\PSAPI.DLL
0x00007ffc21c50000 - 0x00007ffc21c59000 	C:\Windows\SYSTEM32\WSOCK32.dll
0x00007ffc21ac0000 - 0x00007ffc21ae4000 	C:\Windows\SYSTEM32\WINMM.dll
0x00007ffc26730000 - 0x00007ffc2679f000 	C:\Windows\System32\WS2_32.dll
0x00007ffc175a0000 - 0x00007ffc175aa000 	C:\Windows\SYSTEM32\VERSION.dll
0x00007ffc219b0000 - 0x00007ffc219dd000 	C:\Windows\SYSTEM32\winmmbase.dll
0x00007ffc24290000 - 0x00007ffc242da000 	C:\Windows\System32\cfgmgr32.dll
0x00007ffc20400000 - 0x00007ffc2040f000 	C:\Program Files\Android\Android Studio\jre\jre\bin\verify.dll
0x00007ffc203d0000 - 0x00007ffc203f9000 	C:\Program Files\Android\Android Studio\jre\jre\bin\java.dll
0x00007ffc1fef0000 - 0x00007ffc1ff06000 	C:\Program Files\Android\Android Studio\jre\jre\bin\zip.dll
0x00007ffc25ca0000 - 0x00007ffc26388000 	C:\Windows\System32\SHELL32.dll
0x00007ffc264e0000 - 0x00007ffc26587000 	C:\Windows\System32\shcore.dll
0x00007ffc24490000 - 0x00007ffc24c0b000 	C:\Windows\System32\windows.storage.dll
0x00007ffc23bf0000 - 0x00007ffc23c0e000 	C:\Windows\System32\profapi.dll
0x00007ffc23b80000 - 0x00007ffc23bca000 	C:\Windows\System32\powrprof.dll
0x00007ffc23b70000 - 0x00007ffc23b80000 	C:\Windows\System32\UMPDC.dll
0x00007ffc26be0000 - 0x00007ffc26c32000 	C:\Windows\System32\shlwapi.dll
0x00007ffc23c10000 - 0x00007ffc23c21000 	C:\Windows\System32\kernel.appcore.dll
0x00007ffc24140000 - 0x00007ffc24157000 	C:\Windows\System32\cryptsp.dll
0x00007ffc12640000 - 0x00007ffc1265a000 	C:\Program Files\Android\Android Studio\jre\jre\bin\net.dll
0x00007ffc23350000 - 0x00007ffc233b7000 	C:\Windows\system32\mswsock.dll
0x00007ffc12570000 - 0x00007ffc12583000 	C:\Program Files\Android\Android Studio\jre\jre\bin\nio.dll
0x00007ffc126a0000 - 0x00007ffc126c7000 	C:\Users\Akash\.gradle\native\f6784746aeab05261644944871eae4fe03e0ef1612fff0a4a95f87b438bc6780\windows-amd64\native-platform.dll
0x00007ffc203c0000 - 0x00007ffc203cd000 	C:\Program Files\Android\Android Studio\jre\jre\bin\management.dll
0x00007ffc22ed0000 - 0x00007ffc22f03000 	C:\Windows\system32\rsaenh.dll
0x00007ffc24160000 - 0x00007ffc24186000 	C:\Windows\System32\bcrypt.dll
0x00007ffc23a90000 - 0x00007ffc23ab5000 	C:\Windows\SYSTEM32\USERENV.dll
0x00007ffc23520000 - 0x00007ffc2352c000 	C:\Windows\SYSTEM32\CRYPTBASE.dll
0x00007ffc23060000 - 0x00007ffc2309a000 	C:\Windows\SYSTEM32\IPHLPAPI.DLL
0x00007ffc26c70000 - 0x00007ffc26c78000 	C:\Windows\System32\NSI.dll
0x00007ffc1de10000 - 0x00007ffc1de26000 	C:\Windows\SYSTEM32\dhcpcsvc6.DLL
0x00007ffc1e060000 - 0x00007ffc1e07c000 	C:\Windows\SYSTEM32\dhcpcsvc.DLL
0x00007ffc230a0000 - 0x00007ffc2316b000 	C:\Windows\SYSTEM32\DNSAPI.dll
0x00007ffc1e1e0000 - 0x00007ffc1e1eb000 	C:\Windows\SYSTEM32\WINNSI.DLL
0x00007ffc14b20000 - 0x00007ffc14d14000 	C:\Windows\SYSTEM32\dbghelp.dll

VM Arguments:
jvm_args: -Xmx2048m -Dfile.encoding=UTF-8 -Duser.country=US -Duser.language=en -Duser.variant 
java_command: org.gradle.launcher.daemon.bootstrap.GradleDaemon 6.5
java_class_path (initial): C:\Users\Akash\.gradle\wrapper\dists\gradle-6.5-all\2oz4ud9k3tuxjg84bbf55q0tn\gradle-6.5\lib\gradle-launcher-6.5.jar
Launcher Type: SUN_STANDARD

Environment Variables:
PATH=C:\Python39\Scripts\;C:\Python39\;C:\Program Files (x86)\Common Files\Oracle\Java\javapath;C:\Program Files\Common Files\Oracle\Java\javapath;C:\Windows\system32;C:\Windows;C:\Windows\System32\Wbem;C:\Windows\System32\WindowsPowerShell\v1.0\;C:\Windows\System32\OpenSSH\;C:\Program Files\nodejs\;C:\ProgramData\chocolatey\bin;C:\Program Files\Git\cmd;C:\Program Files\Java\jdk1.8.0_271\bin;C:\Users\Akash\AppData\Roaming\npm
USERNAME=Akash
OS=Windows_NT
PROCESSOR_IDENTIFIER=Intel64 Family 6 Model 60 Stepping 3, GenuineIntel



---------------  S Y S T E M  ---------------

OS: Windows 10.0 , 64 bit Build 18362 (10.0.18362.1350)

CPU:total 4 (initial active 4) (2 cores per cpu, 2 threads per core) family 6 model 60 stepping 3, cmov, cx8, fxsr, mmx, sse, sse2, sse3, ssse3, sse4.1, sse4.2, popcnt, avx, avx2, aes, clmul, erms, lzcnt, ht, tsc, tscinvbit, bmi1, bmi2

Memory: 4k page, physical 3860244k(426744k free), swap 9627412k(3001836k free)

vm_info: OpenJDK 64-Bit Server VM (25.242-b01) for windows-amd64 JRE (1.8.0_242-release-1644-b01), built by "builder" with MS VC++ 10.0 (VS2010)

time: Sat May 08 14:08:02 2021
timezone: India Standard Time
elapsed time: 5561 seconds (0d 1h 32m 41s)

